/home/benjamin/Megan/REPET2/TEannot/SN15

START TEannot.py
version 2.5
local date/time = 2018-9-12 / 11:13:43
project name = SN15_STA_a0
project directory = /home/benjamin/Megan/REPET2/TEannot/SN15

beginning of step 1
prepare the input files and load them in MySQL tables
Beginning Blaster (version 2.25)
Wednesday 12 September  11:14:07 AEST 2018
Wednesday 12 September  11:14:11 AEST 2018
End Blaster (version 2.25)
step 1 finished successfully

local date/time = 2018-9-12 / 11:14:11
version 2.5
END TEannot.py


START TEannot.py
version 2.5
local date/time = 2018-9-12 / 11:14:11
project name = SN15_STA_a0
project directory = /home/benjamin/Megan/REPET2/TEannot/SN15

beginning of step 2
use BLR to align the TE sequences on the chunks
submitting job(s) with groupid 'SN15_STA_a0_TEannot_S2_BLR' (2018-09-12 11:14:11)
waiting for 46 job(s) with groupid 'SN15_STA_a0_TEannot_S2_BLR' (2018-09-12 11:14:13)
all jobs with groupid 'SN15_STA_a0_TEannot_S2_BLR' are finished (2018-09-12 11:19:23)
execution time of all jobs (seconds): 2081.700765
execution time per job: n=46 mean=45.254 var=432.100 sd=20.787 min=23.815 med=42.166 max=144.435
step 2 finished successfully

local date/time = 2018-9-12 / 11:19:23
version 2.5
END TEannot.py


START TEannot.py
version 2.5
local date/time = 2018-9-12 / 11:19:23
project name = SN15_STA_a0
project directory = /home/benjamin/Megan/REPET2/TEannot/SN15

beginning of step 2
use CEN to align the TE sequences on the chunks
submitting job(s) with groupid 'SN15_STA_a0_TEannot_S2_CEN' (2018-09-12 11:19:23)
waiting for 46 job(s) with groupid 'SN15_STA_a0_TEannot_S2_CEN' (2018-09-12 11:19:25)
all jobs with groupid 'SN15_STA_a0_TEannot_S2_CEN' are finished (2018-09-12 13:03:31)
execution time of all jobs (seconds): 31085.997909
execution time per job: n=46 mean=675.783 var=536682.865 sd=732.586 min=9.263 med=547.470 max=4535.204
step 2 finished successfully

local date/time = 2018-9-12 / 13:3:31
version 2.5
END TEannot.py


START TEannot.py
version 2.5
local date/time = 2018-9-12 / 13:3:31
project name = SN15_STA_a0
project directory = /home/benjamin/Megan/REPET2/TEannot/SN15

beginning of step 2
use RM to align the TE sequences on the chunks
submitting job(s) with groupid 'SN15_STA_a0_TEannot_S2_RM' (2018-09-12 13:03:31)
waiting for 46 job(s) with groupid 'SN15_STA_a0_TEannot_S2_RM' (2018-09-12 13:03:33)
all jobs with groupid 'SN15_STA_a0_TEannot_S2_RM' are finished (2018-09-12 13:12:53)
execution time of all jobs (seconds): 4582.473726
execution time per job: n=46 mean=99.619 var=892.055 sd=29.867 min=64.093 med=95.869 max=227.855
step 2 finished successfully

local date/time = 2018-9-12 / 13:12:53
version 2.5
END TEannot.py


START TEannot.py
version 2.5
local date/time = 2018-9-12 / 13:12:53
project name = SN15_STA_a0
project directory = /home/benjamin/Megan/REPET2/TEannot/SN15

beginning of step 2
use BLR to align the TE sequences on the randomized chunks
submitting job(s) with groupid 'SN15_STA_a0_TEannot_S2_BLR_rnd' (2018-09-12 13:12:53)
waiting for 46 job(s) with groupid 'SN15_STA_a0_TEannot_S2_BLR_rnd' (2018-09-12 13:12:55)
all jobs with groupid 'SN15_STA_a0_TEannot_S2_BLR_rnd' are finished (2018-09-12 13:15:51)
execution time of all jobs (seconds): 1304.300094
execution time per job: n=46 mean=28.354 var=94.586 sd=9.726 min=21.495 med=26.407 max=87.900
step 2 finished successfully

local date/time = 2018-9-12 / 13:15:51
version 2.5
END TEannot.py


START TEannot.py
version 2.5
local date/time = 2018-9-12 / 13:15:51
project name = SN15_STA_a0
project directory = /home/benjamin/Megan/REPET2/TEannot/SN15

beginning of step 2
use CEN to align the TE sequences on the randomized chunks
submitting job(s) with groupid 'SN15_STA_a0_TEannot_S2_CEN_rnd' (2018-09-12 13:15:51)
waiting for 46 job(s) with groupid 'SN15_STA_a0_TEannot_S2_CEN_rnd' (2018-09-12 13:15:53)
all jobs with groupid 'SN15_STA_a0_TEannot_S2_CEN_rnd' are finished (2018-09-12 13:59:30)
execution time of all jobs (seconds): 2956.034279
execution time per job: n=46 mean=64.262 var=145700.938 sd=381.708 min=5.565 med=7.343 max=2596.809
step 2 finished successfully

local date/time = 2018-9-12 / 13:59:30
version 2.5
END TEannot.py


START TEannot.py
version 2.5
local date/time = 2018-9-12 / 13:59:30
project name = SN15_STA_a0
project directory = /home/benjamin/Megan/REPET2/TEannot/SN15

beginning of step 2
use RM to align the TE sequences on the randomized chunks
submitting job(s) with groupid 'SN15_STA_a0_TEannot_S2_RM_rnd' (2018-09-12 13:59:30)
waiting for 46 job(s) with groupid 'SN15_STA_a0_TEannot_S2_RM_rnd' (2018-09-12 13:59:32)
all jobs with groupid 'SN15_STA_a0_TEannot_S2_RM_rnd' are finished (2018-09-12 14:06:08)
execution time of all jobs (seconds): 3223.194620
execution time per job: n=46 mean=70.069 var=131.035 sd=11.447 min=50.290 med=67.032 max=132.362
step 2 finished successfully

local date/time = 2018-9-12 / 14:6:8
version 2.5
END TEannot.py


START TEannot.py
version 2.5
local date/time = 2018-9-12 / 14:6:8
project name = SN15_STA_a0
project directory = /home/benjamin/Megan/REPET2/TEannot/SN15

beginning of step 3
filter the real HSPs with the random HSPs and combine them

* filter the 'align' files according to the threshold
submitting job(s) with groupid 'SN15_STA_a0_TEannot_step3_FilterAlign' (2018-09-12 14:06:08)
waiting for 3 job(s) with groupid 'SN15_STA_a0_TEannot_step3_FilterAlign' (2018-09-12 14:06:08)
all jobs with groupid 'SN15_STA_a0_TEannot_step3_FilterAlign' are finished (2018-09-12 14:06:13)
execution time of all jobs (seconds): 5.989829
execution time per job: n=3 mean=1.997 var=0.193 sd=0.439 min=1.700 med=1.790 max=2.501

* concatenate chunk by chunk the filtered 'align' files from each alignment program

* join the matches with Matcher
submitting job(s) with groupid 'SN15_STA_a0_TEannot_S3_Matcher' (2018-09-12 14:06:17)
waiting for 46 job(s) with groupid 'SN15_STA_a0_TEannot_S3_Matcher' (2018-09-12 14:06:19)
all jobs with groupid 'SN15_STA_a0_TEannot_S3_Matcher' are finished (2018-09-12 14:07:29)
execution time of all jobs (seconds): 32.765322
execution time per job: n=46 mean=0.712 var=0.652 sd=0.808 min=0.020 med=0.420 max=4.064

* filter and format data
submitting job(s) with groupid 'SN15_STA_a0_TEannot_step3_RetrieveInitHeaders_ConvChkToChr' (2018-09-12 14:07:29)
waiting for 1 job(s) with groupid 'SN15_STA_a0_TEannot_step3_RetrieveInitHeaders_ConvChkToChr' (2018-09-12 14:07:29)
execution time per job: n=1 mean=0.851 var=0.000 sd=0.000 min=0.851 med=0.851 max=0.851
step 3 finished successfully

local date/time = 2018-9-12 / 14:7:44
version 2.5
END TEannot.py


START TEannot.py
version 2.5
local date/time = 2018-9-12 / 14:7:44
project name = SN15_STA_a0
project directory = /home/benjamin/Megan/REPET2/TEannot/SN15

beginning of step 6
Beginning Blaster (version 2.25)
Wednesday 12 September  14:07:49 AEST 2018
Selecting NCBI Blastplus


Building a new DB, current time: 09/12/2018 14:08:51
New DB name:   /home/benjamin/Megan/REPET2/TEannot/SN15/SN15_STA_a0_db/repbase20.05_ntSeq_cleaned_TE.fa_cut
New DB title:  repbase20.05_ntSeq_cleaned_TE.fa_cut
Sequence type: Nucleotide
Keep MBits: T
Maximum file size: 1000000000B
Adding sequences from FASTA; added 38960 sequences in 2.68697 seconds.
Wednesday 12 September  14:08:53 AEST 2018
End Blaster (version 2.25)

align 'repbase20.05_ntSeq_cleaned_TE.fa' and the chunks via Blaster with tblastx
submitting job(s) with groupid 'SN15_STA_a0_TEannot_S6_tblastx' (2018-09-12 14:08:53)
waiting for 46 job(s) with groupid 'SN15_STA_a0_TEannot_S6_tblastx' (2018-09-12 14:08:56)
all jobs with groupid 'SN15_STA_a0_TEannot_S6_tblastx' are finished (2018-09-12 17:37:39)
execution time of all jobs (seconds): 113393.951927
execution time per job: n=46 mean=2465.086 var=54684.331 sd=233.847 min=1678.380 med=2411.661 max=2881.115
submitting job(s) with groupid 'SN15_STA_a0_TEannot_S6_convChunk2Chr' (2018-09-12 17:37:39)
waiting for 1 job(s) with groupid 'SN15_STA_a0_TEannot_S6_convChunk2Chr' (2018-09-12 17:37:39)
execution time per job: n=1 mean=0.651 var=0.000 sd=0.000 min=0.651 med=0.651 max=0.651
step 6 finished successfully

local date/time = 2018-9-12 / 17:37:44
version 2.5
END TEannot.py


START TEannot.py
version 2.5
local date/time = 2018-9-12 / 17:37:44
project name = SN15_STA_a0
project directory = /home/benjamin/Megan/REPET2/TEannot/SN15

beginning of step 6
Beginning Blaster (version 2.25)
Wednesday 12 September  17:37:45 AEST 2018
Selecting NCBI Blastplus


Building a new DB, current time: 09/12/2018 17:37:58
New DB name:   /home/benjamin/Megan/REPET2/TEannot/SN15/SN15_STA_a0_db/repbase20.05_aaSeq_cleaned_TE.fa_cut
New DB title:  repbase20.05_aaSeq_cleaned_TE.fa_cut
Sequence type: Protein
Keep MBits: T
Maximum file size: 1000000000B
Adding sequences from FASTA; added 25682 sequences in 1.01681 seconds.
Wednesday 12 September  17:37:59 AEST 2018
End Blaster (version 2.25)

align 'repbase20.05_aaSeq_cleaned_TE.fa' and the chunks via Blaster with blastx
submitting job(s) with groupid 'SN15_STA_a0_TEannot_S6_blastx' (2018-09-12 17:37:59)
waiting for 46 job(s) with groupid 'SN15_STA_a0_TEannot_S6_blastx' (2018-09-12 17:38:02)
all jobs with groupid 'SN15_STA_a0_TEannot_S6_blastx' are finished (2018-09-12 18:19:38)
execution time of all jobs (seconds): 22329.564928
execution time per job: n=46 mean=485.425 var=2215.263 sd=47.067 min=330.611 med=474.094 max=570.384
submitting job(s) with groupid 'SN15_STA_a0_TEannot_S6_convChunk2Chr' (2018-09-12 18:19:39)
waiting for 1 job(s) with groupid 'SN15_STA_a0_TEannot_S6_convChunk2Chr' (2018-09-12 18:19:39)
execution time per job: n=1 mean=0.349 var=0.000 sd=0.000 min=0.349 med=0.349 max=0.349
step 6 finished successfully

local date/time = 2018-9-12 / 18:19:44
version 2.5
END TEannot.py


START TEannot.py
version 2.5
local date/time = 2018-9-12 / 18:19:44
project name = SN15_STA_a0
project directory = /home/benjamin/Megan/REPET2/TEannot/SN15

beginning of step 7
remove path doublons among the TE annotations
remove TE annotations corresponding to SSRs
WARNING: can't find table 'SN15_STA_a0_chk_allSSRs_set'. No SSRs removal.
submitting job(s) with groupid 'SN15_STA_a0_TEannot_S7_RemoveDuplicatesAndSpuriousPaths' (2018-09-12 18:19:44)
waiting for 1 job(s) with groupid 'SN15_STA_a0_TEannot_S7_RemoveDuplicatesAndSpuriousPaths' (2018-09-12 18:19:44)
execution time per job: n=1 mean=0.332 var=0.000 sd=0.000 min=0.332 med=0.332 max=0.332
submitting job(s) with groupid 'SN15_STA_a0_TEannot_S7_ConvChunk2Chr' (2018-09-12 18:19:59)
waiting for 1 job(s) with groupid 'SN15_STA_a0_TEannot_S7_ConvChunk2Chr' (2018-09-12 18:19:59)
execution time per job: n=1 mean=0.534 var=0.000 sd=0.000 min=0.534 med=0.534 max=0.534
long join procedure to connect fragmented TE copies
submitting job(s) with groupid 'SN15_STA_a0_TEannot_S7_LongJoinsForTEs' (2018-09-12 18:20:14)
waiting for 1 job(s) with groupid 'SN15_STA_a0_TEannot_S7_LongJoinsForTEs' (2018-09-12 18:20:14)
execution time per job: n=1 mean=2.478 var=0.000 sd=0.000 min=2.478 med=2.478 max=2.478
step 7 finished successfully

local date/time = 2018-9-12 / 18:20:29
version 2.5
END TEannot.py


START TEannot.py
version 2.5
local date/time = 2018-9-12 / 18:20:29
project name = SN15_STA_a0
project directory = /home/benjamin/Megan/REPET2/TEannot/SN15

beginning of step 8
build GFF3 files
WARNING: can't find directory '/home/benjamin/Megan/REPET2/TEannot/SN15/SN15_STA_a0_SSRdetect/Comb'. SSRs are considered as not removed.
WARNING: can't export SSR annotations, launch step 4 and 5 first
Write GFF3 files...
submitting job(s) with groupid 'SN15_STA_a0_TEannot_step8_GFF3' (2018-09-12 18:20:29)
waiting for 1 job(s) with groupid 'SN15_STA_a0_TEannot_step8_GFF3' (2018-09-12 18:20:29)
execution time per job: n=1 mean=2.782 var=0.000 sd=0.000 min=2.782 med=2.782 max=2.782
step 8 finished successfully

local date/time = 2018-9-12 / 18:20:44
version 2.5
END TEannot.py

START PostAnalyzeTELib analysis 1
Launch Blastclust...
Compute stats...
END PostAnalyzeTELib analysis 1
START PostAnalyzeTELib analysis 2
Compute classification stats...
END PostAnalyzeTELib analysis 2
START PostAnalyzeTELib analysis 3
Compute annotation stats per TE...
END PostAnalyzeTELib analysis 3
START PostAnalyzeTELib analysis 3
Compute annotation stats per TE...
END PostAnalyzeTELib analysis 3
START PostAnalyzeTELib analysis 3
Compute annotation stats per TE...
END PostAnalyzeTELib analysis 3
START PostAnalyzeTELib analysis 3
Compute annotation stats per TE...
END PostAnalyzeTELib analysis 3
