/home/benjamin/Megan/REPET2/TEannot/WAI2406

START TEannot.py
version 2.5
local date/time = 2018-9-14 / 10:30:36
project name = WAI2406_TA_a0
project directory = /home/benjamin/Megan/REPET2/TEannot/WAI2406

beginning of step 1
prepare the input files and load them in MySQL tables
Beginning Blaster (version 2.25)
Friday 14 September  10:30:59 AEST 2018
Friday 14 September  10:31:03 AEST 2018
End Blaster (version 2.25)
step 1 finished successfully

local date/time = 2018-9-14 / 10:31:3
version 2.5
END TEannot.py


START TEannot.py
version 2.5
local date/time = 2018-9-14 / 10:31:3
project name = WAI2406_TA_a0
project directory = /home/benjamin/Megan/REPET2/TEannot/WAI2406

beginning of step 2
use BLR to align the TE sequences on the chunks
submitting job(s) with groupid 'WAI2406_TA_a0_TEannot_S2_BLR' (2018-09-14 10:31:03)
waiting for 46 job(s) with groupid 'WAI2406_TA_a0_TEannot_S2_BLR' (2018-09-14 10:31:05)
all jobs with groupid 'WAI2406_TA_a0_TEannot_S2_BLR' are finished (2018-09-14 10:35:21)
execution time of all jobs (seconds): 1945.025695
execution time per job: n=46 mean=42.283 var=175.538 sd=13.249 min=25.808 med=39.609 max=67.811
step 2 finished successfully

local date/time = 2018-9-14 / 10:35:21
version 2.5
END TEannot.py


START TEannot.py
version 2.5
local date/time = 2018-9-14 / 10:35:21
project name = WAI2406_TA_a0
project directory = /home/benjamin/Megan/REPET2/TEannot/WAI2406

beginning of step 2
use CEN to align the TE sequences on the chunks
submitting job(s) with groupid 'WAI2406_TA_a0_TEannot_S2_CEN' (2018-09-14 10:35:21)
waiting for 46 job(s) with groupid 'WAI2406_TA_a0_TEannot_S2_CEN' (2018-09-14 10:35:23)
all jobs with groupid 'WAI2406_TA_a0_TEannot_S2_CEN' are finished (2018-09-14 11:00:25)
execution time of all jobs (seconds): 9561.109958
execution time per job: n=46 mean=207.850 var=35169.416 sd=187.535 min=18.313 med=135.972 max=655.893
step 2 finished successfully

local date/time = 2018-9-14 / 11:0:25
version 2.5
END TEannot.py


START TEannot.py
version 2.5
local date/time = 2018-9-14 / 11:0:25
project name = WAI2406_TA_a0
project directory = /home/benjamin/Megan/REPET2/TEannot/WAI2406

beginning of step 2
use RM to align the TE sequences on the chunks
submitting job(s) with groupid 'WAI2406_TA_a0_TEannot_S2_RM' (2018-09-14 11:00:25)
waiting for 46 job(s) with groupid 'WAI2406_TA_a0_TEannot_S2_RM' (2018-09-14 11:00:27)
all jobs with groupid 'WAI2406_TA_a0_TEannot_S2_RM' are finished (2018-09-14 11:20:39)
execution time of all jobs (seconds): 4539.926169
execution time per job: n=46 mean=98.694 var=532.455 sd=23.075 min=69.124 med=93.224 max=151.893
step 2 finished successfully

local date/time = 2018-9-14 / 11:20:39
version 2.5
END TEannot.py


START TEannot.py
version 2.5
local date/time = 2018-9-14 / 11:20:39
project name = WAI2406_TA_a0
project directory = /home/benjamin/Megan/REPET2/TEannot/WAI2406

beginning of step 2
use BLR to align the TE sequences on the randomized chunks
submitting job(s) with groupid 'WAI2406_TA_a0_TEannot_S2_BLR_rnd' (2018-09-14 11:20:39)
waiting for 46 job(s) with groupid 'WAI2406_TA_a0_TEannot_S2_BLR_rnd' (2018-09-14 11:20:42)
all jobs with groupid 'WAI2406_TA_a0_TEannot_S2_BLR_rnd' are finished (2018-09-14 11:31:28)
execution time of all jobs (seconds): 1235.337059
execution time per job: n=46 mean=26.855 var=10.285 sd=3.207 min=23.126 med=26.000 max=34.147
step 2 finished successfully

local date/time = 2018-9-14 / 11:31:28
version 2.5
END TEannot.py


START TEannot.py
version 2.5
local date/time = 2018-9-14 / 11:31:28
project name = WAI2406_TA_a0
project directory = /home/benjamin/Megan/REPET2/TEannot/WAI2406

beginning of step 2
use CEN to align the TE sequences on the randomized chunks
submitting job(s) with groupid 'WAI2406_TA_a0_TEannot_S2_CEN_rnd' (2018-09-14 11:31:28)
waiting for 46 job(s) with groupid 'WAI2406_TA_a0_TEannot_S2_CEN_rnd' (2018-09-14 11:31:30)
all jobs with groupid 'WAI2406_TA_a0_TEannot_S2_CEN_rnd' are finished (2018-09-14 11:35:10)
execution time of all jobs (seconds): 417.328239
execution time per job: n=46 mean=9.072 var=4.228 sd=2.056 min=6.623 med=8.284 max=14.141
step 2 finished successfully

local date/time = 2018-9-14 / 11:35:10
version 2.5
END TEannot.py


START TEannot.py
version 2.5
local date/time = 2018-9-14 / 11:35:10
project name = WAI2406_TA_a0
project directory = /home/benjamin/Megan/REPET2/TEannot/WAI2406

beginning of step 2
use RM to align the TE sequences on the randomized chunks
submitting job(s) with groupid 'WAI2406_TA_a0_TEannot_S2_RM_rnd' (2018-09-14 11:35:10)
waiting for 46 job(s) with groupid 'WAI2406_TA_a0_TEannot_S2_RM_rnd' (2018-09-14 11:35:13)
all jobs with groupid 'WAI2406_TA_a0_TEannot_S2_RM_rnd' are finished (2018-09-14 11:42:49)
execution time of all jobs (seconds): 3287.185963
execution time per job: n=46 mean=71.461 var=28.301 sd=5.320 min=64.643 med=69.662 max=85.943
step 2 finished successfully

local date/time = 2018-9-14 / 11:42:49
version 2.5
END TEannot.py


START TEannot.py
version 2.5
local date/time = 2018-9-14 / 11:42:49
project name = WAI2406_TA_a0
project directory = /home/benjamin/Megan/REPET2/TEannot/WAI2406

beginning of step 3
filter the real HSPs with the random HSPs and combine them

* filter the 'align' files according to the threshold
submitting job(s) with groupid 'WAI2406_TA_a0_TEannot_step3_FilterAlign' (2018-09-14 11:42:49)
waiting for 3 job(s) with groupid 'WAI2406_TA_a0_TEannot_step3_FilterAlign' (2018-09-14 11:42:49)
all jobs with groupid 'WAI2406_TA_a0_TEannot_step3_FilterAlign' are finished (2018-09-14 11:48:00)
execution time of all jobs (seconds): 10.386215
execution time per job: n=3 mean=3.462 var=0.930 sd=0.964 min=2.829 med=2.985 max=4.572

* concatenate chunk by chunk the filtered 'align' files from each alignment program

* join the matches with Matcher
submitting job(s) with groupid 'WAI2406_TA_a0_TEannot_S3_Matcher' (2018-09-14 11:48:06)
waiting for 46 job(s) with groupid 'WAI2406_TA_a0_TEannot_S3_Matcher' (2018-09-14 11:48:09)
all jobs with groupid 'WAI2406_TA_a0_TEannot_S3_Matcher' are finished (2018-09-14 11:49:29)
execution time of all jobs (seconds): 79.752624
execution time per job: n=46 mean=1.734 var=2.387 sd=1.545 min=0.056 med=1.308 max=5.764

* filter and format data
submitting job(s) with groupid 'WAI2406_TA_a0_TEannot_step3_RetrieveInitHeaders_ConvChkToChr' (2018-09-14 11:49:29)
waiting for 1 job(s) with groupid 'WAI2406_TA_a0_TEannot_step3_RetrieveInitHeaders_ConvChkToChr' (2018-09-14 11:49:29)
execution time per job: n=1 mean=1.710 var=0.000 sd=0.000 min=1.710 med=1.710 max=1.710
step 3 finished successfully

local date/time = 2018-9-14 / 11:49:45
version 2.5
END TEannot.py


START TEannot.py
version 2.5
local date/time = 2018-9-14 / 11:49:45
project name = WAI2406_TA_a0
project directory = /home/benjamin/Megan/REPET2/TEannot/WAI2406

beginning of step 6
Beginning Blaster (version 2.25)
Friday 14 September  11:49:49 AEST 2018
Selecting NCBI Blastplus


Building a new DB, current time: 09/14/2018 11:50:51
New DB name:   /home/benjamin/Megan/REPET2/TEannot/WAI2406/WAI2406_TA_a0_db/repbase20.05_ntSeq_cleaned_TE.fa_cut
New DB title:  repbase20.05_ntSeq_cleaned_TE.fa_cut
Sequence type: Nucleotide
Keep MBits: T
Maximum file size: 1000000000B
Adding sequences from FASTA; added 38960 sequences in 2.36933 seconds.
Friday 14 September  11:50:54 AEST 2018
End Blaster (version 2.25)

align 'repbase20.05_ntSeq_cleaned_TE.fa' and the chunks via Blaster with tblastx
submitting job(s) with groupid 'WAI2406_TA_a0_TEannot_S6_tblastx' (2018-09-14 11:50:54)
waiting for 46 job(s) with groupid 'WAI2406_TA_a0_TEannot_S6_tblastx' (2018-09-14 11:50:57)
all jobs with groupid 'WAI2406_TA_a0_TEannot_S6_tblastx' are finished (2018-09-14 15:30:51)
execution time of all jobs (seconds): 119066.375769
execution time per job: n=46 mean=2588.399 var=32680.393 sd=180.777 min=2321.688 med=2542.966 max=3099.105
submitting job(s) with groupid 'WAI2406_TA_a0_TEannot_S6_convChunk2Chr' (2018-09-14 15:30:52)
waiting for 1 job(s) with groupid 'WAI2406_TA_a0_TEannot_S6_convChunk2Chr' (2018-09-14 15:30:52)
execution time per job: n=1 mean=3.622 var=0.000 sd=0.000 min=3.622 med=3.622 max=3.622
step 6 finished successfully

local date/time = 2018-9-14 / 18:13:32
version 2.5
END TEannot.py


START TEannot.py
version 2.5
local date/time = 2018-9-14 / 18:13:32
project name = WAI2406_TA_a0
project directory = /home/benjamin/Megan/REPET2/TEannot/WAI2406

beginning of step 6
Beginning Blaster (version 2.25)
Friday 14 September  18:13:33 AEST 2018
Selecting NCBI Blastplus


Building a new DB, current time: 09/14/2018 18:13:45
New DB name:   /home/benjamin/Megan/REPET2/TEannot/WAI2406/WAI2406_TA_a0_db/repbase20.05_aaSeq_cleaned_TE.fa_cut
New DB title:  repbase20.05_aaSeq_cleaned_TE.fa_cut
Sequence type: Protein
Keep MBits: T
Maximum file size: 1000000000B
Adding sequences from FASTA; added 25682 sequences in 1.05646 seconds.
Friday 14 September  18:13:47 AEST 2018
End Blaster (version 2.25)

align 'repbase20.05_aaSeq_cleaned_TE.fa' and the chunks via Blaster with blastx
submitting job(s) with groupid 'WAI2406_TA_a0_TEannot_S6_blastx' (2018-09-14 18:13:47)
waiting for 46 job(s) with groupid 'WAI2406_TA_a0_TEannot_S6_blastx' (2018-09-14 18:13:49)
all jobs with groupid 'WAI2406_TA_a0_TEannot_S6_blastx' are finished (2018-09-14 19:19:13)
execution time of all jobs (seconds): 27074.743080
execution time per job: n=46 mean=588.581 var=14130.542 sd=118.872 min=471.774 med=548.762 max=915.991
submitting job(s) with groupid 'WAI2406_TA_a0_TEannot_S6_convChunk2Chr' (2018-09-14 19:19:14)
waiting for 1 job(s) with groupid 'WAI2406_TA_a0_TEannot_S6_convChunk2Chr' (2018-09-14 19:19:14)
execution time per job: n=1 mean=1.331 var=0.000 sd=0.000 min=1.331 med=1.331 max=1.331
step 6 finished successfully

local date/time = 2018-9-14 / 19:54:26
version 2.5
END TEannot.py


START TEannot.py
version 2.5
local date/time = 2018-9-14 / 19:54:26
project name = WAI2406_TA_a0
project directory = /home/benjamin/Megan/REPET2/TEannot/WAI2406

beginning of step 7
remove path doublons among the TE annotations
remove TE annotations corresponding to SSRs
WARNING: can't find table 'WAI2406_TA_a0_chk_allSSRs_set'. No SSRs removal.
submitting job(s) with groupid 'WAI2406_TA_a0_TEannot_S7_RemoveDuplicatesAndSpuriousPaths' (2018-09-14 19:54:26)
waiting for 1 job(s) with groupid 'WAI2406_TA_a0_TEannot_S7_RemoveDuplicatesAndSpuriousPaths' (2018-09-14 19:54:26)
execution time per job: n=1 mean=0.785 var=0.000 sd=0.000 min=0.785 med=0.785 max=0.785
submitting job(s) with groupid 'WAI2406_TA_a0_TEannot_S7_ConvChunk2Chr' (2018-09-14 19:54:41)
waiting for 1 job(s) with groupid 'WAI2406_TA_a0_TEannot_S7_ConvChunk2Chr' (2018-09-14 19:54:41)
execution time per job: n=1 mean=1.177 var=0.000 sd=0.000 min=1.177 med=1.177 max=1.177
long join procedure to connect fragmented TE copies
submitting job(s) with groupid 'WAI2406_TA_a0_TEannot_S7_LongJoinsForTEs' (2018-09-14 19:54:56)
waiting for 1 job(s) with groupid 'WAI2406_TA_a0_TEannot_S7_LongJoinsForTEs' (2018-09-14 19:54:56)
execution time per job: n=1 mean=7.839 var=0.000 sd=0.000 min=7.839 med=7.839 max=7.839
step 7 finished successfully

local date/time = 2018-9-14 / 19:55:22
version 2.5
END TEannot.py


START TEannot.py
version 2.5
local date/time = 2018-9-14 / 19:55:22
project name = WAI2406_TA_a0
project directory = /home/benjamin/Megan/REPET2/TEannot/WAI2406

beginning of step 8
build GFF3 files
WARNING: can't find directory '/home/benjamin/Megan/REPET2/TEannot/WAI2406/WAI2406_TA_a0_SSRdetect/Comb'. SSRs are considered as not removed.
WARNING: can't export SSR annotations, launch step 4 and 5 first
Write GFF3 files...
submitting job(s) with groupid 'WAI2406_TA_a0_TEannot_step8_GFF3' (2018-09-14 19:55:22)
waiting for 1 job(s) with groupid 'WAI2406_TA_a0_TEannot_step8_GFF3' (2018-09-14 19:55:22)
execution time per job: n=1 mean=13.300 var=0.000 sd=0.000 min=13.300 med=13.300 max=13.300
step 8 finished successfully

local date/time = 2018-9-14 / 19:55:42
version 2.5
END TEannot.py

START PostAnalyzeTELib analysis 1
Launch Blastclust...
Compute stats...
END PostAnalyzeTELib analysis 1
START PostAnalyzeTELib analysis 2
Compute classification stats...
END PostAnalyzeTELib analysis 2
START PostAnalyzeTELib analysis 3
Compute annotation stats per TE...
END PostAnalyzeTELib analysis 3
START PostAnalyzeTELib analysis 3
Compute annotation stats per TE...
END PostAnalyzeTELib analysis 3
START PostAnalyzeTELib analysis 3
Compute annotation stats per TE...
END PostAnalyzeTELib analysis 3
START PostAnalyzeTELib analysis 3
Compute annotation stats per TE...
END PostAnalyzeTELib analysis 3
