/home/benjamin/Megan/REPET2/TEannot/WAI2411

START TEannot.py
version 2.5
local date/time = 2018-9-14 / 10:31:59
project name = WAI2411_TA_a0
project directory = /home/benjamin/Megan/REPET2/TEannot/WAI2411

beginning of step 1
prepare the input files and load them in MySQL tables
Beginning Blaster (version 2.25)
Friday 14 September  10:32:22 AEST 2018
Friday 14 September  10:32:26 AEST 2018
End Blaster (version 2.25)
step 1 finished successfully

local date/time = 2018-9-14 / 10:32:26
version 2.5
END TEannot.py


START TEannot.py
version 2.5
local date/time = 2018-9-14 / 10:32:26
project name = WAI2411_TA_a0
project directory = /home/benjamin/Megan/REPET2/TEannot/WAI2411

beginning of step 2
use BLR to align the TE sequences on the chunks
submitting job(s) with groupid 'WAI2411_TA_a0_TEannot_S2_BLR' (2018-09-14 10:32:26)
waiting for 46 job(s) with groupid 'WAI2411_TA_a0_TEannot_S2_BLR' (2018-09-14 10:32:28)
all jobs with groupid 'WAI2411_TA_a0_TEannot_S2_BLR' are finished (2018-09-14 10:39:14)
execution time of all jobs (seconds): 1922.694954
execution time per job: n=46 mean=41.798 var=231.301 sd=15.209 min=22.517 med=37.050 max=84.871
step 2 finished successfully

local date/time = 2018-9-14 / 10:39:14
version 2.5
END TEannot.py


START TEannot.py
version 2.5
local date/time = 2018-9-14 / 10:39:14
project name = WAI2411_TA_a0
project directory = /home/benjamin/Megan/REPET2/TEannot/WAI2411

beginning of step 2
use CEN to align the TE sequences on the chunks
submitting job(s) with groupid 'WAI2411_TA_a0_TEannot_S2_CEN' (2018-09-14 10:39:14)
waiting for 46 job(s) with groupid 'WAI2411_TA_a0_TEannot_S2_CEN' (2018-09-14 10:39:17)
all jobs with groupid 'WAI2411_TA_a0_TEannot_S2_CEN' are finished (2018-09-14 11:20:09)
execution time of all jobs (seconds): 9556.320610
execution time per job: n=46 mean=207.746 var=42353.924 sd=205.801 min=15.755 med=120.137 max=881.606
step 2 finished successfully

local date/time = 2018-9-14 / 11:20:9
version 2.5
END TEannot.py


START TEannot.py
version 2.5
local date/time = 2018-9-14 / 11:20:9
project name = WAI2411_TA_a0
project directory = /home/benjamin/Megan/REPET2/TEannot/WAI2411

beginning of step 2
use RM to align the TE sequences on the chunks
submitting job(s) with groupid 'WAI2411_TA_a0_TEannot_S2_RM' (2018-09-14 11:20:09)
waiting for 46 job(s) with groupid 'WAI2411_TA_a0_TEannot_S2_RM' (2018-09-14 11:20:12)
all jobs with groupid 'WAI2411_TA_a0_TEannot_S2_RM' are finished (2018-09-14 11:30:18)
execution time of all jobs (seconds): 4529.017181
execution time per job: n=46 mean=98.457 var=717.619 sd=26.788 min=58.369 med=90.870 max=176.786
step 2 finished successfully

local date/time = 2018-9-14 / 11:30:18
version 2.5
END TEannot.py


START TEannot.py
version 2.5
local date/time = 2018-9-14 / 11:30:18
project name = WAI2411_TA_a0
project directory = /home/benjamin/Megan/REPET2/TEannot/WAI2411

beginning of step 2
use BLR to align the TE sequences on the randomized chunks
submitting job(s) with groupid 'WAI2411_TA_a0_TEannot_S2_BLR_rnd' (2018-09-14 11:30:18)
waiting for 46 job(s) with groupid 'WAI2411_TA_a0_TEannot_S2_BLR_rnd' (2018-09-14 11:30:21)
all jobs with groupid 'WAI2411_TA_a0_TEannot_S2_BLR_rnd' are finished (2018-09-14 11:34:11)
execution time of all jobs (seconds): 1221.111715
execution time per job: n=46 mean=26.546 var=14.752 sd=3.841 min=14.578 med=25.394 max=35.585
step 2 finished successfully

local date/time = 2018-9-14 / 11:34:11
version 2.5
END TEannot.py


START TEannot.py
version 2.5
local date/time = 2018-9-14 / 11:34:11
project name = WAI2411_TA_a0
project directory = /home/benjamin/Megan/REPET2/TEannot/WAI2411

beginning of step 2
use CEN to align the TE sequences on the randomized chunks
submitting job(s) with groupid 'WAI2411_TA_a0_TEannot_S2_CEN_rnd' (2018-09-14 11:34:11)
waiting for 46 job(s) with groupid 'WAI2411_TA_a0_TEannot_S2_CEN_rnd' (2018-09-14 11:34:14)
all jobs with groupid 'WAI2411_TA_a0_TEannot_S2_CEN_rnd' are finished (2018-09-14 11:36:24)
execution time of all jobs (seconds): 415.523271
execution time per job: n=46 mean=9.033 var=8.629 sd=2.938 min=4.816 med=8.296 max=21.227
step 2 finished successfully

local date/time = 2018-9-14 / 11:36:24
version 2.5
END TEannot.py


START TEannot.py
version 2.5
local date/time = 2018-9-14 / 11:36:25
project name = WAI2411_TA_a0
project directory = /home/benjamin/Megan/REPET2/TEannot/WAI2411

beginning of step 2
use RM to align the TE sequences on the randomized chunks
submitting job(s) with groupid 'WAI2411_TA_a0_TEannot_S2_RM_rnd' (2018-09-14 11:36:25)
waiting for 46 job(s) with groupid 'WAI2411_TA_a0_TEannot_S2_RM_rnd' (2018-09-14 11:36:27)
all jobs with groupid 'WAI2411_TA_a0_TEannot_S2_RM_rnd' are finished (2018-09-14 11:48:53)
execution time of all jobs (seconds): 3252.614227
execution time per job: n=46 mean=70.709 var=51.674 sd=7.188 min=43.940 med=68.848 max=87.053
step 2 finished successfully

local date/time = 2018-9-14 / 11:48:53
version 2.5
END TEannot.py


START TEannot.py
version 2.5
local date/time = 2018-9-14 / 11:48:53
project name = WAI2411_TA_a0
project directory = /home/benjamin/Megan/REPET2/TEannot/WAI2411

beginning of step 3
filter the real HSPs with the random HSPs and combine them

* filter the 'align' files according to the threshold
submitting job(s) with groupid 'WAI2411_TA_a0_TEannot_step3_FilterAlign' (2018-09-14 11:48:53)
waiting for 3 job(s) with groupid 'WAI2411_TA_a0_TEannot_step3_FilterAlign' (2018-09-14 11:48:54)
all jobs with groupid 'WAI2411_TA_a0_TEannot_step3_FilterAlign' are finished (2018-09-14 11:49:34)
execution time of all jobs (seconds): 9.267764
execution time per job: n=3 mean=3.089 var=0.721 sd=0.849 min=2.459 med=2.754 max=4.055

* concatenate chunk by chunk the filtered 'align' files from each alignment program

* join the matches with Matcher
submitting job(s) with groupid 'WAI2411_TA_a0_TEannot_S3_Matcher' (2018-09-14 11:49:40)
waiting for 46 job(s) with groupid 'WAI2411_TA_a0_TEannot_S3_Matcher' (2018-09-14 11:49:42)
all jobs with groupid 'WAI2411_TA_a0_TEannot_S3_Matcher' are finished (2018-09-14 11:50:57)
execution time of all jobs (seconds): 78.609442
execution time per job: n=46 mean=1.709 var=4.515 sd=2.125 min=0.032 med=0.914 max=9.259

* filter and format data
submitting job(s) with groupid 'WAI2411_TA_a0_TEannot_step3_RetrieveInitHeaders_ConvChkToChr' (2018-09-14 11:50:58)
waiting for 1 job(s) with groupid 'WAI2411_TA_a0_TEannot_step3_RetrieveInitHeaders_ConvChkToChr' (2018-09-14 11:50:58)
execution time per job: n=1 mean=1.823 var=0.000 sd=0.000 min=1.823 med=1.823 max=1.823
step 3 finished successfully

local date/time = 2018-9-14 / 14:47:15
version 2.5
END TEannot.py


START TEannot.py
version 2.5
local date/time = 2018-9-14 / 14:47:15
project name = WAI2411_TA_a0
project directory = /home/benjamin/Megan/REPET2/TEannot/WAI2411

beginning of step 6
Beginning Blaster (version 2.25)
Friday 14 September  14:47:19 AEST 2018
Selecting NCBI Blastplus


Building a new DB, current time: 09/14/2018 14:48:22
New DB name:   /home/benjamin/Megan/REPET2/TEannot/WAI2411/WAI2411_TA_a0_db/repbase20.05_ntSeq_cleaned_TE.fa_cut
New DB title:  repbase20.05_ntSeq_cleaned_TE.fa_cut
Sequence type: Nucleotide
Keep MBits: T
Maximum file size: 1000000000B
Adding sequences from FASTA; added 38960 sequences in 2.41832 seconds.
Friday 14 September  14:48:24 AEST 2018
End Blaster (version 2.25)

align 'repbase20.05_ntSeq_cleaned_TE.fa' and the chunks via Blaster with tblastx
submitting job(s) with groupid 'WAI2411_TA_a0_TEannot_S6_tblastx' (2018-09-14 14:48:24)
waiting for 46 job(s) with groupid 'WAI2411_TA_a0_TEannot_S6_tblastx' (2018-09-14 14:48:27)
all jobs with groupid 'WAI2411_TA_a0_TEannot_S6_tblastx' are finished (2018-09-14 19:08:02)
execution time of all jobs (seconds): 118011.617528
execution time per job: n=46 mean=2565.470 var=123196.345 sd=350.993 min=1221.309 med=2496.145 max=3621.921
submitting job(s) with groupid 'WAI2411_TA_a0_TEannot_S6_convChunk2Chr' (2018-09-14 19:08:04)
waiting for 1 job(s) with groupid 'WAI2411_TA_a0_TEannot_S6_convChunk2Chr' (2018-09-14 19:08:04)
execution time per job: n=1 mean=3.490 var=0.000 sd=0.000 min=3.490 med=3.490 max=3.490
step 6 finished successfully

local date/time = 2018-9-14 / 19:8:14
version 2.5
END TEannot.py


START TEannot.py
version 2.5
local date/time = 2018-9-14 / 19:8:14
project name = WAI2411_TA_a0
project directory = /home/benjamin/Megan/REPET2/TEannot/WAI2411

beginning of step 6
Beginning Blaster (version 2.25)
Friday 14 September  19:08:15 AEST 2018
Selecting NCBI Blastplus


Building a new DB, current time: 09/14/2018 19:08:28
New DB name:   /home/benjamin/Megan/REPET2/TEannot/WAI2411/WAI2411_TA_a0_db/repbase20.05_aaSeq_cleaned_TE.fa_cut
New DB title:  repbase20.05_aaSeq_cleaned_TE.fa_cut
Sequence type: Protein
Keep MBits: T
Maximum file size: 1000000000B
Adding sequences from FASTA; added 25682 sequences in 0.983789 seconds.
Friday 14 September  19:08:29 AEST 2018
End Blaster (version 2.25)

align 'repbase20.05_aaSeq_cleaned_TE.fa' and the chunks via Blaster with blastx
submitting job(s) with groupid 'WAI2411_TA_a0_TEannot_S6_blastx' (2018-09-14 19:08:29)
waiting for 46 job(s) with groupid 'WAI2411_TA_a0_TEannot_S6_blastx' (2018-09-14 19:08:32)
all jobs with groupid 'WAI2411_TA_a0_TEannot_S6_blastx' are finished (2018-09-14 20:14:36)
execution time of all jobs (seconds): 26931.865018
execution time per job: n=46 mean=585.475 var=21974.166 sd=148.237 min=297.713 med=548.804 max=1241.231
submitting job(s) with groupid 'WAI2411_TA_a0_TEannot_S6_convChunk2Chr' (2018-09-14 20:14:37)
waiting for 1 job(s) with groupid 'WAI2411_TA_a0_TEannot_S6_convChunk2Chr' (2018-09-14 20:14:37)
execution time per job: n=1 mean=1.144 var=0.000 sd=0.000 min=1.144 med=1.144 max=1.144
step 6 finished successfully

local date/time = 2018-9-14 / 20:14:42
version 2.5
END TEannot.py


START TEannot.py
version 2.5
local date/time = 2018-9-14 / 20:14:42
project name = WAI2411_TA_a0
project directory = /home/benjamin/Megan/REPET2/TEannot/WAI2411

beginning of step 7
remove path doublons among the TE annotations
remove TE annotations corresponding to SSRs
WARNING: can't find table 'WAI2411_TA_a0_chk_allSSRs_set'. No SSRs removal.
submitting job(s) with groupid 'WAI2411_TA_a0_TEannot_S7_RemoveDuplicatesAndSpuriousPaths' (2018-09-14 20:14:42)
waiting for 1 job(s) with groupid 'WAI2411_TA_a0_TEannot_S7_RemoveDuplicatesAndSpuriousPaths' (2018-09-14 20:14:42)
execution time per job: n=1 mean=0.630 var=0.000 sd=0.000 min=0.630 med=0.630 max=0.630
submitting job(s) with groupid 'WAI2411_TA_a0_TEannot_S7_ConvChunk2Chr' (2018-09-14 20:14:57)
waiting for 1 job(s) with groupid 'WAI2411_TA_a0_TEannot_S7_ConvChunk2Chr' (2018-09-14 20:14:57)
execution time per job: n=1 mean=1.067 var=0.000 sd=0.000 min=1.067 med=1.067 max=1.067
long join procedure to connect fragmented TE copies
submitting job(s) with groupid 'WAI2411_TA_a0_TEannot_S7_LongJoinsForTEs' (2018-09-14 20:15:12)
waiting for 1 job(s) with groupid 'WAI2411_TA_a0_TEannot_S7_LongJoinsForTEs' (2018-09-14 20:15:12)
execution time per job: n=1 mean=7.093 var=0.000 sd=0.000 min=7.093 med=7.093 max=7.093
step 7 finished successfully

local date/time = 2018-9-14 / 20:15:32
version 2.5
END TEannot.py


START TEannot.py
version 2.5
local date/time = 2018-9-14 / 20:15:32
project name = WAI2411_TA_a0
project directory = /home/benjamin/Megan/REPET2/TEannot/WAI2411

beginning of step 8
build GFF3 files
WARNING: can't find directory '/home/benjamin/Megan/REPET2/TEannot/WAI2411/WAI2411_TA_a0_SSRdetect/Comb'. SSRs are considered as not removed.
WARNING: can't export SSR annotations, launch step 4 and 5 first
Write GFF3 files...
submitting job(s) with groupid 'WAI2411_TA_a0_TEannot_step8_GFF3' (2018-09-14 20:15:32)
waiting for 1 job(s) with groupid 'WAI2411_TA_a0_TEannot_step8_GFF3' (2018-09-14 20:15:32)
execution time per job: n=1 mean=15.182 var=0.000 sd=0.000 min=15.182 med=15.182 max=15.182
step 8 finished successfully

local date/time = 2018-9-14 / 20:15:57
version 2.5
END TEannot.py

START PostAnalyzeTELib analysis 1
Launch Blastclust...
Compute stats...
END PostAnalyzeTELib analysis 1
START PostAnalyzeTELib analysis 2
Compute classification stats...
END PostAnalyzeTELib analysis 2
START PostAnalyzeTELib analysis 3
Compute annotation stats per TE...
END PostAnalyzeTELib analysis 3
START PostAnalyzeTELib analysis 3
Compute annotation stats per TE...
END PostAnalyzeTELib analysis 3
START PostAnalyzeTELib analysis 3
Compute annotation stats per TE...
END PostAnalyzeTELib analysis 3
START PostAnalyzeTELib analysis 3
Compute annotation stats per TE...
END PostAnalyzeTELib analysis 3
